<?xml version="1.0" encoding="UTF-8"?>
<testsuite xmlns:xsi="http://www.w3.org/2001/XMLSchema-instance" xsi:noNamespaceSchemaLocation="https://maven.apache.org/surefire/maven-surefire-plugin/xsd/surefire-test-report.xsd" name="com.rainng.coursesystem.RainngCourseSystemApplicationTests" time="7.812" tests="1" errors="0" skipped="0" failures="0">
  <properties>
    <property name="sun.desktop" value="windows"/>
    <property name="awt.toolkit" value="sun.awt.windows.WToolkit"/>
    <property name="java.specification.version" value="11"/>
    <property name="sun.cpu.isalist" value="amd64"/>
    <property name="sun.jnu.encoding" value="GBK"/>
    <property name="java.class.path" value="D:\备忘录\课程管理系统源码+数据库sql+文档\课程管理系统源码+数据库sql+文档\RainngCourseBE\target\test-classes;D:\备忘录\课程管理系统源码+数据库sql+文档\课程管理系统源码+数据库sql+文档\RainngCourseBE\target\classes;D:\Program Files\apache-maven-3.6.3-bin\MAVEN\org\springframework\boot\spring-boot-starter-web\2.2.1.RELEASE\spring-boot-starter-web-2.2.1.RELEASE.jar;D:\Program Files\apache-maven-3.6.3-bin\MAVEN\org\springframework\boot\spring-boot-starter\2.2.1.RELEASE\spring-boot-starter-2.2.1.RELEASE.jar;D:\Program Files\apache-maven-3.6.3-bin\MAVEN\org\springframework\boot\spring-boot\2.2.1.RELEASE\spring-boot-2.2.1.RELEASE.jar;D:\Program Files\apache-maven-3.6.3-bin\MAVEN\org\springframework\boot\spring-boot-starter-logging\2.2.1.RELEASE\spring-boot-starter-logging-2.2.1.RELEASE.jar;D:\Program Files\apache-maven-3.6.3-bin\MAVEN\ch\qos\logback\logback-classic\1.2.3\logback-classic-1.2.3.jar;D:\Program Files\apache-maven-3.6.3-bin\MAVEN\ch\qos\logback\logback-core\1.2.3\logback-core-1.2.3.jar;D:\Program Files\apache-maven-3.6.3-bin\MAVEN\org\apache\logging\log4j\log4j-to-slf4j\2.12.1\log4j-to-slf4j-2.12.1.jar;D:\Program Files\apache-maven-3.6.3-bin\MAVEN\org\apache\logging\log4j\log4j-api\2.12.1\log4j-api-2.12.1.jar;D:\Program Files\apache-maven-3.6.3-bin\MAVEN\org\slf4j\jul-to-slf4j\1.7.29\jul-to-slf4j-1.7.29.jar;D:\Program Files\apache-maven-3.6.3-bin\MAVEN\jakarta\annotation\jakarta.annotation-api\1.3.5\jakarta.annotation-api-1.3.5.jar;D:\Program Files\apache-maven-3.6.3-bin\MAVEN\org\yaml\snakeyaml\1.25\snakeyaml-1.25.jar;D:\Program Files\apache-maven-3.6.3-bin\MAVEN\org\springframework\boot\spring-boot-starter-json\2.2.1.RELEASE\spring-boot-starter-json-2.2.1.RELEASE.jar;D:\Program Files\apache-maven-3.6.3-bin\MAVEN\com\fasterxml\jackson\core\jackson-databind\2.10.0\jackson-databind-2.10.0.jar;D:\Program Files\apache-maven-3.6.3-bin\MAVEN\com\fasterxml\jackson\core\jackson-annotations\2.10.0\jackson-annotations-2.10.0.jar;D:\Program Files\apache-maven-3.6.3-bin\MAVEN\com\fasterxml\jackson\core\jackson-core\2.10.0\jackson-core-2.10.0.jar;D:\Program Files\apache-maven-3.6.3-bin\MAVEN\com\fasterxml\jackson\datatype\jackson-datatype-jdk8\2.10.0\jackson-datatype-jdk8-2.10.0.jar;D:\Program Files\apache-maven-3.6.3-bin\MAVEN\com\fasterxml\jackson\datatype\jackson-datatype-jsr310\2.10.0\jackson-datatype-jsr310-2.10.0.jar;D:\Program Files\apache-maven-3.6.3-bin\MAVEN\com\fasterxml\jackson\module\jackson-module-parameter-names\2.10.0\jackson-module-parameter-names-2.10.0.jar;D:\Program Files\apache-maven-3.6.3-bin\MAVEN\org\springframework\boot\spring-boot-starter-tomcat\2.2.1.RELEASE\spring-boot-starter-tomcat-2.2.1.RELEASE.jar;D:\Program Files\apache-maven-3.6.3-bin\MAVEN\org\apache\tomcat\embed\tomcat-embed-core\9.0.27\tomcat-embed-core-9.0.27.jar;D:\Program Files\apache-maven-3.6.3-bin\MAVEN\org\apache\tomcat\embed\tomcat-embed-el\9.0.27\tomcat-embed-el-9.0.27.jar;D:\Program Files\apache-maven-3.6.3-bin\MAVEN\org\apache\tomcat\embed\tomcat-embed-websocket\9.0.27\tomcat-embed-websocket-9.0.27.jar;D:\Program Files\apache-maven-3.6.3-bin\MAVEN\org\springframework\boot\spring-boot-starter-validation\2.2.1.RELEASE\spring-boot-starter-validation-2.2.1.RELEASE.jar;D:\Program Files\apache-maven-3.6.3-bin\MAVEN\jakarta\validation\jakarta.validation-api\2.0.1\jakarta.validation-api-2.0.1.jar;D:\Program Files\apache-maven-3.6.3-bin\MAVEN\org\hibernate\validator\hibernate-validator\6.0.18.Final\hibernate-validator-6.0.18.Final.jar;D:\Program Files\apache-maven-3.6.3-bin\MAVEN\org\jboss\logging\jboss-logging\3.4.1.Final\jboss-logging-3.4.1.Final.jar;D:\Program Files\apache-maven-3.6.3-bin\MAVEN\com\fasterxml\classmate\1.5.1\classmate-1.5.1.jar;D:\Program Files\apache-maven-3.6.3-bin\MAVEN\org\springframework\spring-web\5.2.1.RELEASE\spring-web-5.2.1.RELEASE.jar;D:\Program Files\apache-maven-3.6.3-bin\MAVEN\org\springframework\spring-beans\5.2.1.RELEASE\spring-beans-5.2.1.RELEASE.jar;D:\Program Files\apache-maven-3.6.3-bin\MAVEN\org\springframework\spring-webmvc\5.2.1.RELEASE\spring-webmvc-5.2.1.RELEASE.jar;D:\Program Files\apache-maven-3.6.3-bin\MAVEN\org\springframework\spring-context\5.2.1.RELEASE\spring-context-5.2.1.RELEASE.jar;D:\Program Files\apache-maven-3.6.3-bin\MAVEN\org\springframework\spring-expression\5.2.1.RELEASE\spring-expression-5.2.1.RELEASE.jar;D:\Program Files\apache-maven-3.6.3-bin\MAVEN\org\springframework\boot\spring-boot-starter-aop\2.2.1.RELEASE\spring-boot-starter-aop-2.2.1.RELEASE.jar;D:\Program Files\apache-maven-3.6.3-bin\MAVEN\org\springframework\spring-aop\5.2.1.RELEASE\spring-aop-5.2.1.RELEASE.jar;D:\Program Files\apache-maven-3.6.3-bin\MAVEN\org\aspectj\aspectjweaver\1.9.4\aspectjweaver-1.9.4.jar;D:\Program Files\apache-maven-3.6.3-bin\MAVEN\org\springframework\boot\spring-boot-starter-data-redis\2.2.1.RELEASE\spring-boot-starter-data-redis-2.2.1.RELEASE.jar;D:\Program Files\apache-maven-3.6.3-bin\MAVEN\org\springframework\data\spring-data-redis\2.2.1.RELEASE\spring-data-redis-2.2.1.RELEASE.jar;D:\Program Files\apache-maven-3.6.3-bin\MAVEN\org\springframework\data\spring-data-keyvalue\2.2.1.RELEASE\spring-data-keyvalue-2.2.1.RELEASE.jar;D:\Program Files\apache-maven-3.6.3-bin\MAVEN\org\springframework\data\spring-data-commons\2.2.1.RELEASE\spring-data-commons-2.2.1.RELEASE.jar;D:\Program Files\apache-maven-3.6.3-bin\MAVEN\org\springframework\spring-tx\5.2.1.RELEASE\spring-tx-5.2.1.RELEASE.jar;D:\Program Files\apache-maven-3.6.3-bin\MAVEN\org\springframework\spring-oxm\5.2.1.RELEASE\spring-oxm-5.2.1.RELEASE.jar;D:\Program Files\apache-maven-3.6.3-bin\MAVEN\org\springframework\spring-context-support\5.2.1.RELEASE\spring-context-support-5.2.1.RELEASE.jar;D:\Program Files\apache-maven-3.6.3-bin\MAVEN\org\slf4j\slf4j-api\1.7.29\slf4j-api-1.7.29.jar;D:\Program Files\apache-maven-3.6.3-bin\MAVEN\io\lettuce\lettuce-core\5.2.1.RELEASE\lettuce-core-5.2.1.RELEASE.jar;D:\Program Files\apache-maven-3.6.3-bin\MAVEN\io\netty\netty-common\4.1.43.Final\netty-common-4.1.43.Final.jar;D:\Program Files\apache-maven-3.6.3-bin\MAVEN\io\netty\netty-handler\4.1.43.Final\netty-handler-4.1.43.Final.jar;D:\Program Files\apache-maven-3.6.3-bin\MAVEN\io\netty\netty-buffer\4.1.43.Final\netty-buffer-4.1.43.Final.jar;D:\Program Files\apache-maven-3.6.3-bin\MAVEN\io\netty\netty-codec\4.1.43.Final\netty-codec-4.1.43.Final.jar;D:\Program Files\apache-maven-3.6.3-bin\MAVEN\io\netty\netty-transport\4.1.43.Final\netty-transport-4.1.43.Final.jar;D:\Program Files\apache-maven-3.6.3-bin\MAVEN\io\netty\netty-resolver\4.1.43.Final\netty-resolver-4.1.43.Final.jar;D:\Program Files\apache-maven-3.6.3-bin\MAVEN\io\projectreactor\reactor-core\3.3.0.RELEASE\reactor-core-3.3.0.RELEASE.jar;D:\Program Files\apache-maven-3.6.3-bin\MAVEN\org\reactivestreams\reactive-streams\1.0.3\reactive-streams-1.0.3.jar;D:\Program Files\apache-maven-3.6.3-bin\MAVEN\mysql\mysql-connector-java\8.0.18\mysql-connector-java-8.0.18.jar;D:\Program Files\apache-maven-3.6.3-bin\MAVEN\org\projectlombok\lombok\1.18.10\lombok-1.18.10.jar;D:\Program Files\apache-maven-3.6.3-bin\MAVEN\org\springframework\boot\spring-boot-starter-test\2.2.1.RELEASE\spring-boot-starter-test-2.2.1.RELEASE.jar;D:\Program Files\apache-maven-3.6.3-bin\MAVEN\org\springframework\boot\spring-boot-test\2.2.1.RELEASE\spring-boot-test-2.2.1.RELEASE.jar;D:\Program Files\apache-maven-3.6.3-bin\MAVEN\org\springframework\boot\spring-boot-test-autoconfigure\2.2.1.RELEASE\spring-boot-test-autoconfigure-2.2.1.RELEASE.jar;D:\Program Files\apache-maven-3.6.3-bin\MAVEN\com\jayway\jsonpath\json-path\2.4.0\json-path-2.4.0.jar;D:\Program Files\apache-maven-3.6.3-bin\MAVEN\net\minidev\json-smart\2.3\json-smart-2.3.jar;D:\Program Files\apache-maven-3.6.3-bin\MAVEN\net\minidev\accessors-smart\1.2\accessors-smart-1.2.jar;D:\Program Files\apache-maven-3.6.3-bin\MAVEN\org\ow2\asm\asm\5.0.4\asm-5.0.4.jar;D:\Program Files\apache-maven-3.6.3-bin\MAVEN\jakarta\xml\bind\jakarta.xml.bind-api\2.3.2\jakarta.xml.bind-api-2.3.2.jar;D:\Program Files\apache-maven-3.6.3-bin\MAVEN\jakarta\activation\jakarta.activation-api\1.2.1\jakarta.activation-api-1.2.1.jar;D:\Program Files\apache-maven-3.6.3-bin\MAVEN\org\junit\jupiter\junit-jupiter\5.5.2\junit-jupiter-5.5.2.jar;D:\Program Files\apache-maven-3.6.3-bin\MAVEN\org\junit\jupiter\junit-jupiter-api\5.5.2\junit-jupiter-api-5.5.2.jar;D:\Program Files\apache-maven-3.6.3-bin\MAVEN\org\apiguardian\apiguardian-api\1.1.0\apiguardian-api-1.1.0.jar;D:\Program Files\apache-maven-3.6.3-bin\MAVEN\org\opentest4j\opentest4j\1.2.0\opentest4j-1.2.0.jar;D:\Program Files\apache-maven-3.6.3-bin\MAVEN\org\junit\platform\junit-platform-commons\1.5.2\junit-platform-commons-1.5.2.jar;D:\Program Files\apache-maven-3.6.3-bin\MAVEN\org\junit\jupiter\junit-jupiter-params\5.5.2\junit-jupiter-params-5.5.2.jar;D:\Program Files\apache-maven-3.6.3-bin\MAVEN\org\junit\jupiter\junit-jupiter-engine\5.5.2\junit-jupiter-engine-5.5.2.jar;D:\Program Files\apache-maven-3.6.3-bin\MAVEN\org\junit\platform\junit-platform-engine\1.5.2\junit-platform-engine-1.5.2.jar;D:\Program Files\apache-maven-3.6.3-bin\MAVEN\org\mockito\mockito-junit-jupiter\3.1.0\mockito-junit-jupiter-3.1.0.jar;D:\Program Files\apache-maven-3.6.3-bin\MAVEN\org\assertj\assertj-core\3.13.2\assertj-core-3.13.2.jar;D:\Program Files\apache-maven-3.6.3-bin\MAVEN\org\hamcrest\hamcrest\2.1\hamcrest-2.1.jar;D:\Program Files\apache-maven-3.6.3-bin\MAVEN\org\mockito\mockito-core\3.1.0\mockito-core-3.1.0.jar;D:\Program Files\apache-maven-3.6.3-bin\MAVEN\net\bytebuddy\byte-buddy\1.10.2\byte-buddy-1.10.2.jar;D:\Program Files\apache-maven-3.6.3-bin\MAVEN\net\bytebuddy\byte-buddy-agent\1.10.2\byte-buddy-agent-1.10.2.jar;D:\Program Files\apache-maven-3.6.3-bin\MAVEN\org\objenesis\objenesis\2.6\objenesis-2.6.jar;D:\Program Files\apache-maven-3.6.3-bin\MAVEN\org\skyscreamer\jsonassert\1.5.0\jsonassert-1.5.0.jar;D:\Program Files\apache-maven-3.6.3-bin\MAVEN\com\vaadin\external\google\android-json\0.0.20131108.vaadin1\android-json-0.0.20131108.vaadin1.jar;D:\Program Files\apache-maven-3.6.3-bin\MAVEN\org\springframework\spring-core\5.2.1.RELEASE\spring-core-5.2.1.RELEASE.jar;D:\Program Files\apache-maven-3.6.3-bin\MAVEN\org\springframework\spring-jcl\5.2.1.RELEASE\spring-jcl-5.2.1.RELEASE.jar;D:\Program Files\apache-maven-3.6.3-bin\MAVEN\org\springframework\spring-test\5.2.1.RELEASE\spring-test-5.2.1.RELEASE.jar;D:\Program Files\apache-maven-3.6.3-bin\MAVEN\org\xmlunit\xmlunit-core\2.6.3\xmlunit-core-2.6.3.jar;D:\Program Files\apache-maven-3.6.3-bin\MAVEN\org\jsoup\jsoup\1.12.1\jsoup-1.12.1.jar;D:\Program Files\apache-maven-3.6.3-bin\MAVEN\com\baomidou\mybatis-plus-boot-starter\3.3.0\mybatis-plus-boot-starter-3.3.0.jar;D:\Program Files\apache-maven-3.6.3-bin\MAVEN\com\baomidou\mybatis-plus\3.3.0\mybatis-plus-3.3.0.jar;D:\Program Files\apache-maven-3.6.3-bin\MAVEN\com\baomidou\mybatis-plus-extension\3.3.0\mybatis-plus-extension-3.3.0.jar;D:\Program Files\apache-maven-3.6.3-bin\MAVEN\com\baomidou\mybatis-plus-core\3.3.0\mybatis-plus-core-3.3.0.jar;D:\Program Files\apache-maven-3.6.3-bin\MAVEN\com\baomidou\mybatis-plus-annotation\3.3.0\mybatis-plus-annotation-3.3.0.jar;D:\Program Files\apache-maven-3.6.3-bin\MAVEN\com\github\jsqlparser\jsqlparser\3.1\jsqlparser-3.1.jar;D:\Program Files\apache-maven-3.6.3-bin\MAVEN\org\mybatis\mybatis\3.5.3\mybatis-3.5.3.jar;D:\Program Files\apache-maven-3.6.3-bin\MAVEN\org\mybatis\mybatis-spring\2.0.3\mybatis-spring-2.0.3.jar;D:\Program Files\apache-maven-3.6.3-bin\MAVEN\org\springframework\boot\spring-boot-autoconfigure\2.2.1.RELEASE\spring-boot-autoconfigure-2.2.1.RELEASE.jar;D:\Program Files\apache-maven-3.6.3-bin\MAVEN\org\springframework\boot\spring-boot-starter-jdbc\2.2.1.RELEASE\spring-boot-starter-jdbc-2.2.1.RELEASE.jar;D:\Program Files\apache-maven-3.6.3-bin\MAVEN\com\zaxxer\HikariCP\3.4.1\HikariCP-3.4.1.jar;D:\Program Files\apache-maven-3.6.3-bin\MAVEN\org\springframework\spring-jdbc\5.2.1.RELEASE\spring-jdbc-5.2.1.RELEASE.jar;"/>
    <property name="java.vm.vendor" value="Oracle Corporation"/>
    <property name="sun.arch.data.model" value="64"/>
    <property name="user.variant" value=""/>
    <property name="java.vendor.url" value="https://openjdk.java.net/"/>
    <property name="user.timezone" value="Asia/Shanghai"/>
    <property name="java.vm.specification.version" value="11"/>
    <property name="os.name" value="Windows 10"/>
    <property name="sun.java.launcher" value="SUN_STANDARD"/>
    <property name="user.country" value="CN"/>
    <property name="sun.boot.library.path" value="D:\Program Files\Java\jdk-11.0.11\bin"/>
    <property name="sun.java.command" value="C:\Users\LICOWA~1\AppData\Local\Temp\surefire10398932467542329211\surefirebooter34621770820617518.jar C:\Users\Lico Wang\AppData\Local\Temp\surefire10398932467542329211 2021-07-11T14-09-17_333-jvmRun1 surefire763435833156998102tmp surefire_012556174316488664192tmp"/>
    <property name="jdk.debug" value="release"/>
    <property name="surefire.test.class.path" value="D:\备忘录\课程管理系统源码+数据库sql+文档\课程管理系统源码+数据库sql+文档\RainngCourseBE\target\test-classes;D:\备忘录\课程管理系统源码+数据库sql+文档\课程管理系统源码+数据库sql+文档\RainngCourseBE\target\classes;D:\Program Files\apache-maven-3.6.3-bin\MAVEN\org\springframework\boot\spring-boot-starter-web\2.2.1.RELEASE\spring-boot-starter-web-2.2.1.RELEASE.jar;D:\Program Files\apache-maven-3.6.3-bin\MAVEN\org\springframework\boot\spring-boot-starter\2.2.1.RELEASE\spring-boot-starter-2.2.1.RELEASE.jar;D:\Program Files\apache-maven-3.6.3-bin\MAVEN\org\springframework\boot\spring-boot\2.2.1.RELEASE\spring-boot-2.2.1.RELEASE.jar;D:\Program Files\apache-maven-3.6.3-bin\MAVEN\org\springframework\boot\spring-boot-starter-logging\2.2.1.RELEASE\spring-boot-starter-logging-2.2.1.RELEASE.jar;D:\Program Files\apache-maven-3.6.3-bin\MAVEN\ch\qos\logback\logback-classic\1.2.3\logback-classic-1.2.3.jar;D:\Program Files\apache-maven-3.6.3-bin\MAVEN\ch\qos\logback\logback-core\1.2.3\logback-core-1.2.3.jar;D:\Program Files\apache-maven-3.6.3-bin\MAVEN\org\apache\logging\log4j\log4j-to-slf4j\2.12.1\log4j-to-slf4j-2.12.1.jar;D:\Program Files\apache-maven-3.6.3-bin\MAVEN\org\apache\logging\log4j\log4j-api\2.12.1\log4j-api-2.12.1.jar;D:\Program Files\apache-maven-3.6.3-bin\MAVEN\org\slf4j\jul-to-slf4j\1.7.29\jul-to-slf4j-1.7.29.jar;D:\Program Files\apache-maven-3.6.3-bin\MAVEN\jakarta\annotation\jakarta.annotation-api\1.3.5\jakarta.annotation-api-1.3.5.jar;D:\Program Files\apache-maven-3.6.3-bin\MAVEN\org\yaml\snakeyaml\1.25\snakeyaml-1.25.jar;D:\Program Files\apache-maven-3.6.3-bin\MAVEN\org\springframework\boot\spring-boot-starter-json\2.2.1.RELEASE\spring-boot-starter-json-2.2.1.RELEASE.jar;D:\Program Files\apache-maven-3.6.3-bin\MAVEN\com\fasterxml\jackson\core\jackson-databind\2.10.0\jackson-databind-2.10.0.jar;D:\Program Files\apache-maven-3.6.3-bin\MAVEN\com\fasterxml\jackson\core\jackson-annotations\2.10.0\jackson-annotations-2.10.0.jar;D:\Program Files\apache-maven-3.6.3-bin\MAVEN\com\fasterxml\jackson\core\jackson-core\2.10.0\jackson-core-2.10.0.jar;D:\Program Files\apache-maven-3.6.3-bin\MAVEN\com\fasterxml\jackson\datatype\jackson-datatype-jdk8\2.10.0\jackson-datatype-jdk8-2.10.0.jar;D:\Program Files\apache-maven-3.6.3-bin\MAVEN\com\fasterxml\jackson\datatype\jackson-datatype-jsr310\2.10.0\jackson-datatype-jsr310-2.10.0.jar;D:\Program Files\apache-maven-3.6.3-bin\MAVEN\com\fasterxml\jackson\module\jackson-module-parameter-names\2.10.0\jackson-module-parameter-names-2.10.0.jar;D:\Program Files\apache-maven-3.6.3-bin\MAVEN\org\springframework\boot\spring-boot-starter-tomcat\2.2.1.RELEASE\spring-boot-starter-tomcat-2.2.1.RELEASE.jar;D:\Program Files\apache-maven-3.6.3-bin\MAVEN\org\apache\tomcat\embed\tomcat-embed-core\9.0.27\tomcat-embed-core-9.0.27.jar;D:\Program Files\apache-maven-3.6.3-bin\MAVEN\org\apache\tomcat\embed\tomcat-embed-el\9.0.27\tomcat-embed-el-9.0.27.jar;D:\Program Files\apache-maven-3.6.3-bin\MAVEN\org\apache\tomcat\embed\tomcat-embed-websocket\9.0.27\tomcat-embed-websocket-9.0.27.jar;D:\Program Files\apache-maven-3.6.3-bin\MAVEN\org\springframework\boot\spring-boot-starter-validation\2.2.1.RELEASE\spring-boot-starter-validation-2.2.1.RELEASE.jar;D:\Program Files\apache-maven-3.6.3-bin\MAVEN\jakarta\validation\jakarta.validation-api\2.0.1\jakarta.validation-api-2.0.1.jar;D:\Program Files\apache-maven-3.6.3-bin\MAVEN\org\hibernate\validator\hibernate-validator\6.0.18.Final\hibernate-validator-6.0.18.Final.jar;D:\Program Files\apache-maven-3.6.3-bin\MAVEN\org\jboss\logging\jboss-logging\3.4.1.Final\jboss-logging-3.4.1.Final.jar;D:\Program Files\apache-maven-3.6.3-bin\MAVEN\com\fasterxml\classmate\1.5.1\classmate-1.5.1.jar;D:\Program Files\apache-maven-3.6.3-bin\MAVEN\org\springframework\spring-web\5.2.1.RELEASE\spring-web-5.2.1.RELEASE.jar;D:\Program Files\apache-maven-3.6.3-bin\MAVEN\org\springframework\spring-beans\5.2.1.RELEASE\spring-beans-5.2.1.RELEASE.jar;D:\Program Files\apache-maven-3.6.3-bin\MAVEN\org\springframework\spring-webmvc\5.2.1.RELEASE\spring-webmvc-5.2.1.RELEASE.jar;D:\Program Files\apache-maven-3.6.3-bin\MAVEN\org\springframework\spring-context\5.2.1.RELEASE\spring-context-5.2.1.RELEASE.jar;D:\Program Files\apache-maven-3.6.3-bin\MAVEN\org\springframework\spring-expression\5.2.1.RELEASE\spring-expression-5.2.1.RELEASE.jar;D:\Program Files\apache-maven-3.6.3-bin\MAVEN\org\springframework\boot\spring-boot-starter-aop\2.2.1.RELEASE\spring-boot-starter-aop-2.2.1.RELEASE.jar;D:\Program Files\apache-maven-3.6.3-bin\MAVEN\org\springframework\spring-aop\5.2.1.RELEASE\spring-aop-5.2.1.RELEASE.jar;D:\Program Files\apache-maven-3.6.3-bin\MAVEN\org\aspectj\aspectjweaver\1.9.4\aspectjweaver-1.9.4.jar;D:\Program Files\apache-maven-3.6.3-bin\MAVEN\org\springframework\boot\spring-boot-starter-data-redis\2.2.1.RELEASE\spring-boot-starter-data-redis-2.2.1.RELEASE.jar;D:\Program Files\apache-maven-3.6.3-bin\MAVEN\org\springframework\data\spring-data-redis\2.2.1.RELEASE\spring-data-redis-2.2.1.RELEASE.jar;D:\Program Files\apache-maven-3.6.3-bin\MAVEN\org\springframework\data\spring-data-keyvalue\2.2.1.RELEASE\spring-data-keyvalue-2.2.1.RELEASE.jar;D:\Program Files\apache-maven-3.6.3-bin\MAVEN\org\springframework\data\spring-data-commons\2.2.1.RELEASE\spring-data-commons-2.2.1.RELEASE.jar;D:\Program Files\apache-maven-3.6.3-bin\MAVEN\org\springframework\spring-tx\5.2.1.RELEASE\spring-tx-5.2.1.RELEASE.jar;D:\Program Files\apache-maven-3.6.3-bin\MAVEN\org\springframework\spring-oxm\5.2.1.RELEASE\spring-oxm-5.2.1.RELEASE.jar;D:\Program Files\apache-maven-3.6.3-bin\MAVEN\org\springframework\spring-context-support\5.2.1.RELEASE\spring-context-support-5.2.1.RELEASE.jar;D:\Program Files\apache-maven-3.6.3-bin\MAVEN\org\slf4j\slf4j-api\1.7.29\slf4j-api-1.7.29.jar;D:\Program Files\apache-maven-3.6.3-bin\MAVEN\io\lettuce\lettuce-core\5.2.1.RELEASE\lettuce-core-5.2.1.RELEASE.jar;D:\Program Files\apache-maven-3.6.3-bin\MAVEN\io\netty\netty-common\4.1.43.Final\netty-common-4.1.43.Final.jar;D:\Program Files\apache-maven-3.6.3-bin\MAVEN\io\netty\netty-handler\4.1.43.Final\netty-handler-4.1.43.Final.jar;D:\Program Files\apache-maven-3.6.3-bin\MAVEN\io\netty\netty-buffer\4.1.43.Final\netty-buffer-4.1.43.Final.jar;D:\Program Files\apache-maven-3.6.3-bin\MAVEN\io\netty\netty-codec\4.1.43.Final\netty-codec-4.1.43.Final.jar;D:\Program Files\apache-maven-3.6.3-bin\MAVEN\io\netty\netty-transport\4.1.43.Final\netty-transport-4.1.43.Final.jar;D:\Program Files\apache-maven-3.6.3-bin\MAVEN\io\netty\netty-resolver\4.1.43.Final\netty-resolver-4.1.43.Final.jar;D:\Program Files\apache-maven-3.6.3-bin\MAVEN\io\projectreactor\reactor-core\3.3.0.RELEASE\reactor-core-3.3.0.RELEASE.jar;D:\Program Files\apache-maven-3.6.3-bin\MAVEN\org\reactivestreams\reactive-streams\1.0.3\reactive-streams-1.0.3.jar;D:\Program Files\apache-maven-3.6.3-bin\MAVEN\mysql\mysql-connector-java\8.0.18\mysql-connector-java-8.0.18.jar;D:\Program Files\apache-maven-3.6.3-bin\MAVEN\org\projectlombok\lombok\1.18.10\lombok-1.18.10.jar;D:\Program Files\apache-maven-3.6.3-bin\MAVEN\org\springframework\boot\spring-boot-starter-test\2.2.1.RELEASE\spring-boot-starter-test-2.2.1.RELEASE.jar;D:\Program Files\apache-maven-3.6.3-bin\MAVEN\org\springframework\boot\spring-boot-test\2.2.1.RELEASE\spring-boot-test-2.2.1.RELEASE.jar;D:\Program Files\apache-maven-3.6.3-bin\MAVEN\org\springframework\boot\spring-boot-test-autoconfigure\2.2.1.RELEASE\spring-boot-test-autoconfigure-2.2.1.RELEASE.jar;D:\Program Files\apache-maven-3.6.3-bin\MAVEN\com\jayway\jsonpath\json-path\2.4.0\json-path-2.4.0.jar;D:\Program Files\apache-maven-3.6.3-bin\MAVEN\net\minidev\json-smart\2.3\json-smart-2.3.jar;D:\Program Files\apache-maven-3.6.3-bin\MAVEN\net\minidev\accessors-smart\1.2\accessors-smart-1.2.jar;D:\Program Files\apache-maven-3.6.3-bin\MAVEN\org\ow2\asm\asm\5.0.4\asm-5.0.4.jar;D:\Program Files\apache-maven-3.6.3-bin\MAVEN\jakarta\xml\bind\jakarta.xml.bind-api\2.3.2\jakarta.xml.bind-api-2.3.2.jar;D:\Program Files\apache-maven-3.6.3-bin\MAVEN\jakarta\activation\jakarta.activation-api\1.2.1\jakarta.activation-api-1.2.1.jar;D:\Program Files\apache-maven-3.6.3-bin\MAVEN\org\junit\jupiter\junit-jupiter\5.5.2\junit-jupiter-5.5.2.jar;D:\Program Files\apache-maven-3.6.3-bin\MAVEN\org\junit\jupiter\junit-jupiter-api\5.5.2\junit-jupiter-api-5.5.2.jar;D:\Program Files\apache-maven-3.6.3-bin\MAVEN\org\apiguardian\apiguardian-api\1.1.0\apiguardian-api-1.1.0.jar;D:\Program Files\apache-maven-3.6.3-bin\MAVEN\org\opentest4j\opentest4j\1.2.0\opentest4j-1.2.0.jar;D:\Program Files\apache-maven-3.6.3-bin\MAVEN\org\junit\platform\junit-platform-commons\1.5.2\junit-platform-commons-1.5.2.jar;D:\Program Files\apache-maven-3.6.3-bin\MAVEN\org\junit\jupiter\junit-jupiter-params\5.5.2\junit-jupiter-params-5.5.2.jar;D:\Program Files\apache-maven-3.6.3-bin\MAVEN\org\junit\jupiter\junit-jupiter-engine\5.5.2\junit-jupiter-engine-5.5.2.jar;D:\Program Files\apache-maven-3.6.3-bin\MAVEN\org\junit\platform\junit-platform-engine\1.5.2\junit-platform-engine-1.5.2.jar;D:\Program Files\apache-maven-3.6.3-bin\MAVEN\org\mockito\mockito-junit-jupiter\3.1.0\mockito-junit-jupiter-3.1.0.jar;D:\Program Files\apache-maven-3.6.3-bin\MAVEN\org\assertj\assertj-core\3.13.2\assertj-core-3.13.2.jar;D:\Program Files\apache-maven-3.6.3-bin\MAVEN\org\hamcrest\hamcrest\2.1\hamcrest-2.1.jar;D:\Program Files\apache-maven-3.6.3-bin\MAVEN\org\mockito\mockito-core\3.1.0\mockito-core-3.1.0.jar;D:\Program Files\apache-maven-3.6.3-bin\MAVEN\net\bytebuddy\byte-buddy\1.10.2\byte-buddy-1.10.2.jar;D:\Program Files\apache-maven-3.6.3-bin\MAVEN\net\bytebuddy\byte-buddy-agent\1.10.2\byte-buddy-agent-1.10.2.jar;D:\Program Files\apache-maven-3.6.3-bin\MAVEN\org\objenesis\objenesis\2.6\objenesis-2.6.jar;D:\Program Files\apache-maven-3.6.3-bin\MAVEN\org\skyscreamer\jsonassert\1.5.0\jsonassert-1.5.0.jar;D:\Program Files\apache-maven-3.6.3-bin\MAVEN\com\vaadin\external\google\android-json\0.0.20131108.vaadin1\android-json-0.0.20131108.vaadin1.jar;D:\Program Files\apache-maven-3.6.3-bin\MAVEN\org\springframework\spring-core\5.2.1.RELEASE\spring-core-5.2.1.RELEASE.jar;D:\Program Files\apache-maven-3.6.3-bin\MAVEN\org\springframework\spring-jcl\5.2.1.RELEASE\spring-jcl-5.2.1.RELEASE.jar;D:\Program Files\apache-maven-3.6.3-bin\MAVEN\org\springframework\spring-test\5.2.1.RELEASE\spring-test-5.2.1.RELEASE.jar;D:\Program Files\apache-maven-3.6.3-bin\MAVEN\org\xmlunit\xmlunit-core\2.6.3\xmlunit-core-2.6.3.jar;D:\Program Files\apache-maven-3.6.3-bin\MAVEN\org\jsoup\jsoup\1.12.1\jsoup-1.12.1.jar;D:\Program Files\apache-maven-3.6.3-bin\MAVEN\com\baomidou\mybatis-plus-boot-starter\3.3.0\mybatis-plus-boot-starter-3.3.0.jar;D:\Program Files\apache-maven-3.6.3-bin\MAVEN\com\baomidou\mybatis-plus\3.3.0\mybatis-plus-3.3.0.jar;D:\Program Files\apache-maven-3.6.3-bin\MAVEN\com\baomidou\mybatis-plus-extension\3.3.0\mybatis-plus-extension-3.3.0.jar;D:\Program Files\apache-maven-3.6.3-bin\MAVEN\com\baomidou\mybatis-plus-core\3.3.0\mybatis-plus-core-3.3.0.jar;D:\Program Files\apache-maven-3.6.3-bin\MAVEN\com\baomidou\mybatis-plus-annotation\3.3.0\mybatis-plus-annotation-3.3.0.jar;D:\Program Files\apache-maven-3.6.3-bin\MAVEN\com\github\jsqlparser\jsqlparser\3.1\jsqlparser-3.1.jar;D:\Program Files\apache-maven-3.6.3-bin\MAVEN\org\mybatis\mybatis\3.5.3\mybatis-3.5.3.jar;D:\Program Files\apache-maven-3.6.3-bin\MAVEN\org\mybatis\mybatis-spring\2.0.3\mybatis-spring-2.0.3.jar;D:\Program Files\apache-maven-3.6.3-bin\MAVEN\org\springframework\boot\spring-boot-autoconfigure\2.2.1.RELEASE\spring-boot-autoconfigure-2.2.1.RELEASE.jar;D:\Program Files\apache-maven-3.6.3-bin\MAVEN\org\springframework\boot\spring-boot-starter-jdbc\2.2.1.RELEASE\spring-boot-starter-jdbc-2.2.1.RELEASE.jar;D:\Program Files\apache-maven-3.6.3-bin\MAVEN\com\zaxxer\HikariCP\3.4.1\HikariCP-3.4.1.jar;D:\Program Files\apache-maven-3.6.3-bin\MAVEN\org\springframework\spring-jdbc\5.2.1.RELEASE\spring-jdbc-5.2.1.RELEASE.jar;"/>
    <property name="sun.cpu.endian" value="little"/>
    <property name="user.home" value="C:\Users\Lico Wang"/>
    <property name="user.language" value="zh"/>
    <property name="java.specification.vendor" value="Oracle Corporation"/>
    <property name="java.version.date" value="2021-04-20"/>
    <property name="java.home" value="D:\Program Files\Java\jdk-11.0.11"/>
    <property name="file.separator" value="\"/>
    <property name="basedir" value="D:\备忘录\课程管理系统源码+数据库sql+文档\课程管理系统源码+数据库sql+文档\RainngCourseBE"/>
    <property name="java.vm.compressedOopsMode" value="32-bit"/>
    <property name="line.separator" value="&#10;"/>
    <property name="java.specification.name" value="Java Platform API Specification"/>
    <property name="java.vm.specification.vendor" value="Oracle Corporation"/>
    <property name="java.awt.graphicsenv" value="sun.awt.Win32GraphicsEnvironment"/>
    <property name="surefire.real.class.path" value="C:\Users\LICOWA~1\AppData\Local\Temp\surefire10398932467542329211\surefirebooter34621770820617518.jar"/>
    <property name="user.script" value=""/>
    <property name="sun.management.compiler" value="HotSpot 64-Bit Tiered Compilers"/>
    <property name="java.runtime.version" value="11.0.11+9-LTS-194"/>
    <property name="user.name" value="Lico Wang"/>
    <property name="path.separator" value=";"/>
    <property name="os.version" value="10.0"/>
    <property name="java.runtime.name" value="Java(TM) SE Runtime Environment"/>
    <property name="file.encoding" value="GBK"/>
    <property name="java.vm.name" value="Java HotSpot(TM) 64-Bit Server VM"/>
    <property name="java.vendor.version" value="18.9"/>
    <property name="localRepository" value="D:\Program Files\apache-maven-3.6.3-bin\MAVEN"/>
    <property name="java.vendor.url.bug" value="https://bugreport.java.com/bugreport/"/>
    <property name="java.io.tmpdir" value="C:\Users\LICOWA~1\AppData\Local\Temp\"/>
    <property name="idea.version" value="2021.1.1"/>
    <property name="java.version" value="11.0.11"/>
    <property name="user.dir" value="D:\备忘录\课程管理系统源码+数据库sql+文档\课程管理系统源码+数据库sql+文档\RainngCourseBE"/>
    <property name="os.arch" value="amd64"/>
    <property name="java.vm.specification.name" value="Java Virtual Machine Specification"/>
    <property name="java.awt.printerjob" value="sun.awt.windows.WPrinterJob"/>
    <property name="sun.os.patch.level" value=""/>
    <property name="java.library.path" value="D:\Program Files\Java\jdk-11.0.11\bin;C:\WINDOWS\Sun\Java\bin;C:\WINDOWS\system32;C:\WINDOWS;C:\Program Files\Common Files\Oracle\Java\javapath;D:\Program Files (x86)\VMware\VMware Workstation\bin\;C:\Program Files (x86)\Common Files\Oracle\Java\javapath;C:\WINDOWS\system32;C:\WINDOWS;D:\Program Files\Java\jdk-11.0.11\bin;C:\WINDOWS\System32\Wbem;C:\WINDOWS\System32\WindowsPowerShell\v1.0\;C:\WINDOWS\System32\OpenSSH\;C:\Program Files (x86)\dotnet\;C:\Program Files\nodejs\;C:\Program Files\MySQL\MySQL Server 8.0\bin;C:\Users\Lico Wang\AppData\Local\Google\Chrome\Application;D:\Program Files\apache-maven-3.6.3-bin\apache-maven-3.6.3\bin;C:\Program Files\dotnet\;C:\Program Files (x86)\Microsoft SQL Server\90\Tools\binn\;D:\Program Files (x86)\Android\android-sdk\build-tools\29.0.3;D:\Program Files (x86)\Android\android-sdk\platform-tools;D:\Program Files (x86)\Android\android-sdk\tools;C:\Program Files\MySQL\MySQL Server 8.0\bin;C:\Program Files\Microsoft SQL Server\Client SDK\ODBC\170\Tools\Binn\;C:\Program Files (x86)\Microsoft SQL Server\150\Tools\Binn\;C:\Program Files\Microsoft SQL Server\150\Tools\Binn\;C:\Program Files\Microsoft SQL Server\150\DTS\Binn\;C:\Program Files (x86)\Microsoft SQL Server\150\DTS\Binn\;C:\Program Files\Azure Data Studio\bin;D:\Program Files (x86)\Yarn\bin\;D:\Program Files (x86)\python3.9\Scripts\;D:\Program Files (x86)\python3.9\;D:\Program Files (x86)\python3.7\Scripts\;D:\Program Files (x86)\python3.7\;C:\Users\Lico Wang\AppData\Local\Microsoft\WindowsApps;C:\Program Files\Bandizip\;C:\Users\Lico Wang\AppData\Roaming\npm;D:\Programs\Microsoft VS Code\bin;D:\Program Files\JetBrains\PyCharm 2020.3.1\bin;;D:\Program Files\JetBrains\IntelliJ IDEA Community Edition 2021.1.1\bin;;C:\Program Files\Azure Data Studio\bin;D:\Program Files\JetBrains\PyCharm Community Edition 2021.1.1\bin;;C:\Users\Lico Wang\AppData\Local\Yarn\bin;."/>
    <property name="java.vendor" value="Oracle Corporation"/>
    <property name="java.vm.info" value="mixed mode"/>
    <property name="java.vm.version" value="11.0.11+9-LTS-194"/>
    <property name="sun.io.unicode.encoding" value="UnicodeLittle"/>
    <property name="maven.repo.local" value="D:\Program Files\apache-maven-3.6.3-bin\MAVEN"/>
    <property name="java.class.version" value="55.0"/>
  </properties>
  <testcase name="contextLoads" classname="com.rainng.coursesystem.RainngCourseSystemApplicationTests" time="0.504"/>
</testsuite>